library/build/intermediates/manifest_merge_blame_file/debug/manifest-merger-blame-debug-report.txt
1<?xml version="1.0" encoding="utf-8"?>
2<manifest xmlns:android="http://schemas.android.com/apk/res/android"
3    xmlns:tools="http://schemas.android.com/tools"
4    package="com.handstudio.android.hzgrapherlib"
5    android:versionCode="3"
6    android:versionName="1.0.1" >
7
8    <uses-sdk
9        android:minSdkVersion="8"
9-->Catalyst_chit_Employee_app\library\AndroidManifest.xml
10        android:targetSdkVersion="33" />
10-->Catalyst_chit_Employee_app\library\AndroidManifest.xml
11
12    <application
12-->Catalyst_chit_Employee_app\library\AndroidManifest.xml:6:5-12:19
13        android:allowBackup="true"
13-->Catalyst_chit_Employee_app\library\AndroidManifest.xml:7:9-35
14        android:icon="@drawable/ic_launcher"
14-->Catalyst_chit_Employee_app\library\AndroidManifest.xml:8:9-45
15        android:label="@string/app_name"
15-->Catalyst_chit_Employee_app\library\AndroidManifest.xml:9:9-41
16        android:theme="@style/AppTheme" >
16-->Catalyst_chit_Employee_app\library\AndroidManifest.xml:10:9-40
17    </application>
18
19</manifest>